  [1m[35m (1974.4ms)[0m  [1m[35mCREATE DATABASE "c2linic_development" ENCODING = 'unicode'[0m
  [1m[35m (1457.9ms)[0m  [1m[35mCREATE DATABASE "c2linic_test" ENCODING = 'unicode'[0m
  [1m[35m (315.7ms)[0m  [1m[35mCREATE TABLE "schema_migrations" ("version" character varying NOT NULL PRIMARY KEY)[0m
  [1m[35m (192.2ms)[0m  [1m[35mCREATE TABLE "ar_internal_metadata" ("key" character varying NOT NULL PRIMARY KEY, "value" character varying, "created_at" timestamp(6) NOT NULL, "updated_at" timestamp(6) NOT NULL)[0m
  [1m[35m (0.3ms)[0m  [1m[34mSELECT pg_try_advisory_lock(6524926099329136695)[0m
  [1m[35m (0.9ms)[0m  [1m[34mSELECT "schema_migrations"."version" FROM "schema_migrations" ORDER BY "schema_migrations"."version" ASC[0m
Migrating to CreateVisits (20211215170551)
  [1m[36mTRANSACTION (0.3ms)[0m  [1m[35mBEGIN[0m
  [1m[35m (379.8ms)[0m  [1m[35mCREATE TABLE "visits" ("id" bigserial primary key, "date" date, "time" time, "problem" character varying, "created_at" timestamp(6) NOT NULL, "updated_at" timestamp(6) NOT NULL)[0m
  [1m[36mActiveRecord::SchemaMigration Create (0.8ms)[0m  [1m[32mINSERT INTO "schema_migrations" ("version") VALUES ($1) RETURNING "version"[0m  [["version", "20211215170551"]]
  [1m[36mTRANSACTION (15.2ms)[0m  [1m[35mCOMMIT[0m
  [1m[36mActiveRecord::InternalMetadata Load (0.6ms)[0m  [1m[34mSELECT "ar_internal_metadata".* FROM "ar_internal_metadata" WHERE "ar_internal_metadata"."key" = $1 LIMIT $2[0m  [["key", "environment"], ["LIMIT", 1]]
  [1m[36mTRANSACTION (0.2ms)[0m  [1m[35mBEGIN[0m
  [1m[36mActiveRecord::InternalMetadata Create (41.1ms)[0m  [1m[32mINSERT INTO "ar_internal_metadata" ("key", "value", "created_at", "updated_at") VALUES ($1, $2, $3, $4) RETURNING "key"[0m  [["key", "environment"], ["value", "development"], ["created_at", "2021-12-15 17:06:23.357959"], ["updated_at", "2021-12-15 17:06:23.357959"]]
  [1m[36mTRANSACTION (31.3ms)[0m  [1m[35mCOMMIT[0m
  [1m[35m (0.5ms)[0m  [1m[34mSELECT pg_advisory_unlock(6524926099329136695)[0m
  [1m[35m (1.1ms)[0m  [1m[34mSELECT "schema_migrations"."version" FROM "schema_migrations" ORDER BY "schema_migrations"."version" ASC[0m
Started GET "/" for ::1 at 2021-12-15 19:08:15 +0200
  [1m[35m (1.0ms)[0m  [1m[34mSELECT "schema_migrations"."version" FROM "schema_migrations" ORDER BY "schema_migrations"."version" ASC[0m
Processing by VisitsController#index as HTML
  Rendering layout layouts/application.html.erb
  Rendering visits/index.html.erb within layouts/application
  [1m[36mVisit Load (2.6ms)[0m  [1m[34mSELECT "visits".* FROM "visits"[0m
  ↳ app/views/visits/index.html.erb:16
  Rendered visits/index.html.erb within layouts/application (Duration: 15.8ms | Allocations: 2179)
[Webpacker] Compiling...
[Webpacker] Compilation failed:
/home/oksana/c2linlc/node_modules/webpack-cli/bin/cli.js:93
				throw err;
				^

Error: Cannot find module '@rails/webpacker'
Require stack:
- /home/oksana/c2linlc/config/webpack/environment.js
- /home/oksana/c2linlc/config/webpack/development.js
- /home/oksana/c2linlc/node_modules/webpack-cli/bin/utils/convert-argv.js
- /home/oksana/c2linlc/node_modules/webpack-cli/bin/cli.js
- /home/oksana/c2linlc/node_modules/webpack/bin/webpack.js
    at Function.Module._resolveFilename (node:internal/modules/cjs/loader:925:15)
    at Function.Module._load (node:internal/modules/cjs/loader:769:27)
    at Module.require (node:internal/modules/cjs/loader:997:19)
    at require (/home/oksana/c2linlc/node_modules/v8-compile-cache/v8-compile-cache.js:159:20)
    at Object.<anonymous> (/home/oksana/c2linlc/config/webpack/environment.js:1:87)
    at Module._compile (/home/oksana/c2linlc/node_modules/v8-compile-cache/v8-compile-cache.js:192:30)
    at Object.Module._extensions..js (node:internal/modules/cjs/loader:1137:10)
    at Module.load (node:internal/modules/cjs/loader:973:32)
    at Function.Module._load (node:internal/modules/cjs/loader:813:14)
    at Module.require (node:internal/modules/cjs/loader:997:19)
    at require (/home/oksana/c2linlc/node_modules/v8-compile-cache/v8-compile-cache.js:159:20)
    at Object.<anonymous> (/home/oksana/c2linlc/config/webpack/development.js:3:21)
    at Module._compile (/home/oksana/c2linlc/node_modules/v8-compile-cache/v8-compile-cache.js:192:30)
    at Object.Module._extensions..js (node:internal/modules/cjs/loader:1137:10)
    at Module.load (node:internal/modules/cjs/loader:973:32)
    at Function.Module._load (node:internal/modules/cjs/loader:813:14)
    at Module.require (node:internal/modules/cjs/loader:997:19)
    at require (/home/oksana/c2linlc/node_modules/v8-compile-cache/v8-compile-cache.js:159:20)
    at WEBPACK_OPTIONS (/home/oksana/c2linlc/node_modules/webpack-cli/bin/utils/convert-argv.js:114:13)
    at requireConfig (/home/oksana/c2linlc/node_modules/webpack-cli/bin/utils/convert-argv.js:116:6)
    at /home/oksana/c2linlc/node_modules/webpack-cli/bin/utils/convert-argv.js:123:17
    at Array.forEach (<anonymous>)
    at module.exports (/home/oksana/c2linlc/node_modules/webpack-cli/bin/utils/convert-argv.js:121:15)
    at /home/oksana/c2linlc/node_modules/webpack-cli/bin/cli.js:71:45
    at Object.parse (/home/oksana/c2linlc/node_modules/yargs/yargs.js:576:18)
    at /home/oksana/c2linlc/node_modules/webpack-cli/bin/cli.js:49:8
    at Object.<anonymous> (/home/oksana/c2linlc/node_modules/webpack-cli/bin/cli.js:366:3)
    at Module._compile (node:internal/modules/cjs/loader:1108:14)
    at Object.Module._extensions..js (node:internal/modules/cjs/loader:1137:10)
    at Module.load (node:internal/modules/cjs/loader:973:32) {
  code: 'MODULE_NOT_FOUND',
  requireStack: [
    '/home/oksana/c2linlc/config/webpack/environment.js',
    '/home/oksana/c2linlc/config/webpack/development.js',
    '/home/oksana/c2linlc/node_modules/webpack-cli/bin/utils/convert-argv.js',
    '/home/oksana/c2linlc/node_modules/webpack-cli/bin/cli.js',
    '/home/oksana/c2linlc/node_modules/webpack/bin/webpack.js'
  ]
}

  Rendered layout layouts/application.html.erb (Duration: 21586.0ms | Allocations: 24478)
Completed 500 Internal Server Error in 21966ms (ActiveRecord: 8.3ms | Allocations: 28310)


  
ActionView::Template::Error (Webpacker can't find application.js in /home/oksana/c2linlc/public/packs/manifest.json. Possible causes:
1. You want to set webpacker.yml value of compile to true for your environment
   unless you are using the `webpack -w` or the webpack-dev-server.
2. webpack has not yet re-run to reflect updates.
3. You have misconfigured Webpacker's config/webpacker.yml file.
4. Your webpack configuration is not creating a manifest.
Your manifest contains:
{
}
):
     7:     <%= csp_meta_tag %>
     8: 
     9:     <%= stylesheet_link_tag 'application', media: 'all', 'data-turbolinks-track': 'reload' %>
    10:     <%= javascript_pack_tag 'application', 'data-turbolinks-track': 'reload' %>
    11:   </head>
    12: 
    13:   <body>
  
app/views/layouts/application.html.erb:10
Started GET "/" for ::1 at 2021-12-15 19:18:09 +0200
  [1m[35m (1.7ms)[0m  [1m[34mSELECT "schema_migrations"."version" FROM "schema_migrations" ORDER BY "schema_migrations"."version" ASC[0m
Processing by VisitsController#index as HTML
  Rendering layout layouts/application.html.erb
  Rendering visits/index.html.erb within layouts/application
  [1m[36mVisit Load (2.6ms)[0m  [1m[34mSELECT "visits".* FROM "visits"[0m
  ↳ app/views/visits/index.html.erb:16
  Rendered visits/index.html.erb within layouts/application (Duration: 25.8ms | Allocations: 2073)
[Webpacker] Compiling...
[Webpacker] Compilation failed:
/home/oksana/c2linlc/node_modules/webpack-cli/bin/cli.js:93
				throw err;
				^

Error: Cannot find module '@rails/webpacker'
Require stack:
- /home/oksana/c2linlc/config/webpack/environment.js
- /home/oksana/c2linlc/config/webpack/development.js
- /home/oksana/c2linlc/node_modules/webpack-cli/bin/utils/convert-argv.js
- /home/oksana/c2linlc/node_modules/webpack-cli/bin/cli.js
- /home/oksana/c2linlc/node_modules/webpack/bin/webpack.js
    at Function.Module._resolveFilename (node:internal/modules/cjs/loader:925:15)
    at Function.Module._load (node:internal/modules/cjs/loader:769:27)
    at Module.require (node:internal/modules/cjs/loader:997:19)
    at require (/home/oksana/c2linlc/node_modules/v8-compile-cache/v8-compile-cache.js:159:20)
    at Object.<anonymous> (/home/oksana/c2linlc/config/webpack/environment.js:1:87)
    at Module._compile (/home/oksana/c2linlc/node_modules/v8-compile-cache/v8-compile-cache.js:192:30)
    at Object.Module._extensions..js (node:internal/modules/cjs/loader:1137:10)
    at Module.load (node:internal/modules/cjs/loader:973:32)
    at Function.Module._load (node:internal/modules/cjs/loader:813:14)
    at Module.require (node:internal/modules/cjs/loader:997:19)
    at require (/home/oksana/c2linlc/node_modules/v8-compile-cache/v8-compile-cache.js:159:20)
    at Object.<anonymous> (/home/oksana/c2linlc/config/webpack/development.js:3:21)
    at Module._compile (/home/oksana/c2linlc/node_modules/v8-compile-cache/v8-compile-cache.js:192:30)
    at Object.Module._extensions..js (node:internal/modules/cjs/loader:1137:10)
    at Module.load (node:internal/modules/cjs/loader:973:32)
    at Function.Module._load (node:internal/modules/cjs/loader:813:14)
    at Module.require (node:internal/modules/cjs/loader:997:19)
    at require (/home/oksana/c2linlc/node_modules/v8-compile-cache/v8-compile-cache.js:159:20)
    at WEBPACK_OPTIONS (/home/oksana/c2linlc/node_modules/webpack-cli/bin/utils/convert-argv.js:114:13)
    at requireConfig (/home/oksana/c2linlc/node_modules/webpack-cli/bin/utils/convert-argv.js:116:6)
    at /home/oksana/c2linlc/node_modules/webpack-cli/bin/utils/convert-argv.js:123:17
    at Array.forEach (<anonymous>)
    at module.exports (/home/oksana/c2linlc/node_modules/webpack-cli/bin/utils/convert-argv.js:121:15)
    at /home/oksana/c2linlc/node_modules/webpack-cli/bin/cli.js:71:45
    at Object.parse (/home/oksana/c2linlc/node_modules/yargs/yargs.js:576:18)
    at /home/oksana/c2linlc/node_modules/webpack-cli/bin/cli.js:49:8
    at Object.<anonymous> (/home/oksana/c2linlc/node_modules/webpack-cli/bin/cli.js:366:3)
    at Module._compile (node:internal/modules/cjs/loader:1108:14)
    at Object.Module._extensions..js (node:internal/modules/cjs/loader:1137:10)
    at Module.load (node:internal/modules/cjs/loader:973:32) {
  code: 'MODULE_NOT_FOUND',
  requireStack: [
    '/home/oksana/c2linlc/config/webpack/environment.js',
    '/home/oksana/c2linlc/config/webpack/development.js',
    '/home/oksana/c2linlc/node_modules/webpack-cli/bin/utils/convert-argv.js',
    '/home/oksana/c2linlc/node_modules/webpack-cli/bin/cli.js',
    '/home/oksana/c2linlc/node_modules/webpack/bin/webpack.js'
  ]
}

  Rendered layout layouts/application.html.erb (Duration: 6486.7ms | Allocations: 9472)
Completed 500 Internal Server Error in 6637ms (ActiveRecord: 5.6ms | Allocations: 12242)


  
ActionView::Template::Error (Webpacker can't find application.js in /home/oksana/c2linlc/public/packs/manifest.json. Possible causes:
1. You want to set webpacker.yml value of compile to true for your environment
   unless you are using the `webpack -w` or the webpack-dev-server.
2. webpack has not yet re-run to reflect updates.
3. You have misconfigured Webpacker's config/webpacker.yml file.
4. Your webpack configuration is not creating a manifest.
Your manifest contains:
{
}
):
     7:     <%= csp_meta_tag %>
     8: 
     9:     <%= stylesheet_link_tag 'application', media: 'all', 'data-turbolinks-track': 'reload' %>
    10:     <%= javascript_pack_tag 'application', 'data-turbolinks-track': 'reload' %>
    11:   </head>
    12: 
    13:   <body>
  
app/views/layouts/application.html.erb:10
Started GET "/" for ::1 at 2021-12-15 19:18:24 +0200
Processing by VisitsController#index as HTML
  Rendering layout layouts/application.html.erb
  Rendering visits/index.html.erb within layouts/application
  [1m[36mVisit Load (2.1ms)[0m  [1m[34mSELECT "visits".* FROM "visits"[0m
  ↳ app/views/visits/index.html.erb:16
  Rendered visits/index.html.erb within layouts/application (Duration: 6.6ms | Allocations: 990)
[Webpacker] Compiling...
[Webpacker] Compilation failed:
/home/oksana/c2linlc/node_modules/webpack-cli/bin/cli.js:93
				throw err;
				^

Error: Cannot find module '@rails/webpacker'
Require stack:
- /home/oksana/c2linlc/config/webpack/environment.js
- /home/oksana/c2linlc/config/webpack/development.js
- /home/oksana/c2linlc/node_modules/webpack-cli/bin/utils/convert-argv.js
- /home/oksana/c2linlc/node_modules/webpack-cli/bin/cli.js
- /home/oksana/c2linlc/node_modules/webpack/bin/webpack.js
    at Function.Module._resolveFilename (node:internal/modules/cjs/loader:925:15)
    at Function.Module._load (node:internal/modules/cjs/loader:769:27)
    at Module.require (node:internal/modules/cjs/loader:997:19)
    at require (/home/oksana/c2linlc/node_modules/v8-compile-cache/v8-compile-cache.js:159:20)
    at Object.<anonymous> (/home/oksana/c2linlc/config/webpack/environment.js:1:87)
    at Module._compile (/home/oksana/c2linlc/node_modules/v8-compile-cache/v8-compile-cache.js:192:30)
    at Object.Module._extensions..js (node:internal/modules/cjs/loader:1137:10)
    at Module.load (node:internal/modules/cjs/loader:973:32)
    at Function.Module._load (node:internal/modules/cjs/loader:813:14)
    at Module.require (node:internal/modules/cjs/loader:997:19)
    at require (/home/oksana/c2linlc/node_modules/v8-compile-cache/v8-compile-cache.js:159:20)
    at Object.<anonymous> (/home/oksana/c2linlc/config/webpack/development.js:3:21)
    at Module._compile (/home/oksana/c2linlc/node_modules/v8-compile-cache/v8-compile-cache.js:192:30)
    at Object.Module._extensions..js (node:internal/modules/cjs/loader:1137:10)
    at Module.load (node:internal/modules/cjs/loader:973:32)
    at Function.Module._load (node:internal/modules/cjs/loader:813:14)
    at Module.require (node:internal/modules/cjs/loader:997:19)
    at require (/home/oksana/c2linlc/node_modules/v8-compile-cache/v8-compile-cache.js:159:20)
    at WEBPACK_OPTIONS (/home/oksana/c2linlc/node_modules/webpack-cli/bin/utils/convert-argv.js:114:13)
    at requireConfig (/home/oksana/c2linlc/node_modules/webpack-cli/bin/utils/convert-argv.js:116:6)
    at /home/oksana/c2linlc/node_modules/webpack-cli/bin/utils/convert-argv.js:123:17
    at Array.forEach (<anonymous>)
    at module.exports (/home/oksana/c2linlc/node_modules/webpack-cli/bin/utils/convert-argv.js:121:15)
    at /home/oksana/c2linlc/node_modules/webpack-cli/bin/cli.js:71:45
    at Object.parse (/home/oksana/c2linlc/node_modules/yargs/yargs.js:576:18)
    at /home/oksana/c2linlc/node_modules/webpack-cli/bin/cli.js:49:8
    at Object.<anonymous> (/home/oksana/c2linlc/node_modules/webpack-cli/bin/cli.js:366:3)
    at Module._compile (node:internal/modules/cjs/loader:1108:14)
    at Object.Module._extensions..js (node:internal/modules/cjs/loader:1137:10)
    at Module.load (node:internal/modules/cjs/loader:973:32) {
  code: 'MODULE_NOT_FOUND',
  requireStack: [
    '/home/oksana/c2linlc/config/webpack/environment.js',
    '/home/oksana/c2linlc/config/webpack/development.js',
    '/home/oksana/c2linlc/node_modules/webpack-cli/bin/utils/convert-argv.js',
    '/home/oksana/c2linlc/node_modules/webpack-cli/bin/cli.js',
    '/home/oksana/c2linlc/node_modules/webpack/bin/webpack.js'
  ]
}

  Rendered layout layouts/application.html.erb (Duration: 1721.8ms | Allocations: 5838)
Completed 500 Internal Server Error in 1724ms (ActiveRecord: 2.1ms | Allocations: 6255)


  
ActionView::Template::Error (Webpacker can't find application.js in /home/oksana/c2linlc/public/packs/manifest.json. Possible causes:
1. You want to set webpacker.yml value of compile to true for your environment
   unless you are using the `webpack -w` or the webpack-dev-server.
2. webpack has not yet re-run to reflect updates.
3. You have misconfigured Webpacker's config/webpacker.yml file.
4. Your webpack configuration is not creating a manifest.
Your manifest contains:
{
}
):
     7:     <%= csp_meta_tag %>
     8: 
     9:     <%= stylesheet_link_tag 'application', media: 'all', 'data-turbolinks-track': 'reload' %>
    10:     <%= javascript_pack_tag 'application', 'data-turbolinks-track': 'reload' %>
    11:   </head>
    12: 
    13:   <body>
  
app/views/layouts/application.html.erb:10
Started GET "/" for ::1 at 2021-12-15 19:21:27 +0200
  [1m[35m (25.3ms)[0m  [1m[34mSELECT "schema_migrations"."version" FROM "schema_migrations" ORDER BY "schema_migrations"."version" ASC[0m
Processing by VisitsController#index as HTML
  Rendering layout layouts/application.html.erb
  Rendering visits/index.html.erb within layouts/application
  [1m[36mVisit Load (2.7ms)[0m  [1m[34mSELECT "visits".* FROM "visits"[0m
  ↳ app/views/visits/index.html.erb:16
  Rendered visits/index.html.erb within layouts/application (Duration: 15.2ms | Allocations: 2073)
[Webpacker] Compiling...
[Webpacker] Compilation failed:
/home/oksana/c2linlc/node_modules/webpack-cli/bin/cli.js:93
				throw err;
				^

Error: Cannot find module '@rails/webpacker'
Require stack:
- /home/oksana/c2linlc/config/webpack/environment.js
- /home/oksana/c2linlc/config/webpack/development.js
- /home/oksana/c2linlc/node_modules/webpack-cli/bin/utils/convert-argv.js
- /home/oksana/c2linlc/node_modules/webpack-cli/bin/cli.js
- /home/oksana/c2linlc/node_modules/webpack/bin/webpack.js
    at Function.Module._resolveFilename (node:internal/modules/cjs/loader:925:15)
    at Function.Module._load (node:internal/modules/cjs/loader:769:27)
    at Module.require (node:internal/modules/cjs/loader:997:19)
    at require (/home/oksana/c2linlc/node_modules/v8-compile-cache/v8-compile-cache.js:159:20)
    at Object.<anonymous> (/home/oksana/c2linlc/config/webpack/environment.js:1:87)
    at Module._compile (/home/oksana/c2linlc/node_modules/v8-compile-cache/v8-compile-cache.js:192:30)
    at Object.Module._extensions..js (node:internal/modules/cjs/loader:1137:10)
    at Module.load (node:internal/modules/cjs/loader:973:32)
    at Function.Module._load (node:internal/modules/cjs/loader:813:14)
    at Module.require (node:internal/modules/cjs/loader:997:19)
    at require (/home/oksana/c2linlc/node_modules/v8-compile-cache/v8-compile-cache.js:159:20)
    at Object.<anonymous> (/home/oksana/c2linlc/config/webpack/development.js:3:21)
    at Module._compile (/home/oksana/c2linlc/node_modules/v8-compile-cache/v8-compile-cache.js:192:30)
    at Object.Module._extensions..js (node:internal/modules/cjs/loader:1137:10)
    at Module.load (node:internal/modules/cjs/loader:973:32)
    at Function.Module._load (node:internal/modules/cjs/loader:813:14)
    at Module.require (node:internal/modules/cjs/loader:997:19)
    at require (/home/oksana/c2linlc/node_modules/v8-compile-cache/v8-compile-cache.js:159:20)
    at WEBPACK_OPTIONS (/home/oksana/c2linlc/node_modules/webpack-cli/bin/utils/convert-argv.js:114:13)
    at requireConfig (/home/oksana/c2linlc/node_modules/webpack-cli/bin/utils/convert-argv.js:116:6)
    at /home/oksana/c2linlc/node_modules/webpack-cli/bin/utils/convert-argv.js:123:17
    at Array.forEach (<anonymous>)
    at module.exports (/home/oksana/c2linlc/node_modules/webpack-cli/bin/utils/convert-argv.js:121:15)
    at /home/oksana/c2linlc/node_modules/webpack-cli/bin/cli.js:71:45
    at Object.parse (/home/oksana/c2linlc/node_modules/yargs/yargs.js:576:18)
    at /home/oksana/c2linlc/node_modules/webpack-cli/bin/cli.js:49:8
    at Object.<anonymous> (/home/oksana/c2linlc/node_modules/webpack-cli/bin/cli.js:366:3)
    at Module._compile (node:internal/modules/cjs/loader:1108:14)
    at Object.Module._extensions..js (node:internal/modules/cjs/loader:1137:10)
    at Module.load (node:internal/modules/cjs/loader:973:32) {
  code: 'MODULE_NOT_FOUND',
  requireStack: [
    '/home/oksana/c2linlc/config/webpack/environment.js',
    '/home/oksana/c2linlc/config/webpack/development.js',
    '/home/oksana/c2linlc/node_modules/webpack-cli/bin/utils/convert-argv.js',
    '/home/oksana/c2linlc/node_modules/webpack-cli/bin/cli.js',
    '/home/oksana/c2linlc/node_modules/webpack/bin/webpack.js'
  ]
}

  Rendered layout layouts/application.html.erb (Duration: 2834.5ms | Allocations: 9463)
Completed 500 Internal Server Error in 2932ms (ActiveRecord: 7.9ms | Allocations: 12233)


  
ActionView::Template::Error (Webpacker can't find application.js in /home/oksana/c2linlc/public/packs/manifest.json. Possible causes:
1. You want to set webpacker.yml value of compile to true for your environment
   unless you are using the `webpack -w` or the webpack-dev-server.
2. webpack has not yet re-run to reflect updates.
3. You have misconfigured Webpacker's config/webpacker.yml file.
4. Your webpack configuration is not creating a manifest.
Your manifest contains:
{
}
):
     7:     <%= csp_meta_tag %>
     8: 
     9:     <%= stylesheet_link_tag 'application', media: 'all', 'data-turbolinks-track': 'reload' %>
    10:     <%= javascript_pack_tag 'application', 'data-turbolinks-track': 'reload' %>
    11:   </head>
    12: 
    13:   <body>
  
app/views/layouts/application.html.erb:10
Started GET "/" for ::1 at 2021-12-15 19:21:46 +0200
Processing by VisitsController#index as HTML
  Rendering layout layouts/application.html.erb
  Rendering visits/index.html.erb within layouts/application
  [1m[36mVisit Load (2.0ms)[0m  [1m[34mSELECT "visits".* FROM "visits"[0m
  ↳ app/views/visits/index.html.erb:16
  Rendered visits/index.html.erb within layouts/application (Duration: 6.0ms | Allocations: 990)
[Webpacker] Compiling...
[Webpacker] Compilation failed:
/home/oksana/c2linlc/node_modules/webpack-cli/bin/cli.js:93
				throw err;
				^

Error: Cannot find module '@rails/webpacker'
Require stack:
- /home/oksana/c2linlc/config/webpack/environment.js
- /home/oksana/c2linlc/config/webpack/development.js
- /home/oksana/c2linlc/node_modules/webpack-cli/bin/utils/convert-argv.js
- /home/oksana/c2linlc/node_modules/webpack-cli/bin/cli.js
- /home/oksana/c2linlc/node_modules/webpack/bin/webpack.js
    at Function.Module._resolveFilename (node:internal/modules/cjs/loader:925:15)
    at Function.Module._load (node:internal/modules/cjs/loader:769:27)
    at Module.require (node:internal/modules/cjs/loader:997:19)
    at require (/home/oksana/c2linlc/node_modules/v8-compile-cache/v8-compile-cache.js:159:20)
    at Object.<anonymous> (/home/oksana/c2linlc/config/webpack/environment.js:1:87)
    at Module._compile (/home/oksana/c2linlc/node_modules/v8-compile-cache/v8-compile-cache.js:192:30)
    at Object.Module._extensions..js (node:internal/modules/cjs/loader:1137:10)
    at Module.load (node:internal/modules/cjs/loader:973:32)
    at Function.Module._load (node:internal/modules/cjs/loader:813:14)
    at Module.require (node:internal/modules/cjs/loader:997:19)
    at require (/home/oksana/c2linlc/node_modules/v8-compile-cache/v8-compile-cache.js:159:20)
    at Object.<anonymous> (/home/oksana/c2linlc/config/webpack/development.js:3:21)
    at Module._compile (/home/oksana/c2linlc/node_modules/v8-compile-cache/v8-compile-cache.js:192:30)
    at Object.Module._extensions..js (node:internal/modules/cjs/loader:1137:10)
    at Module.load (node:internal/modules/cjs/loader:973:32)
    at Function.Module._load (node:internal/modules/cjs/loader:813:14)
    at Module.require (node:internal/modules/cjs/loader:997:19)
    at require (/home/oksana/c2linlc/node_modules/v8-compile-cache/v8-compile-cache.js:159:20)
    at WEBPACK_OPTIONS (/home/oksana/c2linlc/node_modules/webpack-cli/bin/utils/convert-argv.js:114:13)
    at requireConfig (/home/oksana/c2linlc/node_modules/webpack-cli/bin/utils/convert-argv.js:116:6)
    at /home/oksana/c2linlc/node_modules/webpack-cli/bin/utils/convert-argv.js:123:17
    at Array.forEach (<anonymous>)
    at module.exports (/home/oksana/c2linlc/node_modules/webpack-cli/bin/utils/convert-argv.js:121:15)
    at /home/oksana/c2linlc/node_modules/webpack-cli/bin/cli.js:71:45
    at Object.parse (/home/oksana/c2linlc/node_modules/yargs/yargs.js:576:18)
    at /home/oksana/c2linlc/node_modules/webpack-cli/bin/cli.js:49:8
    at Object.<anonymous> (/home/oksana/c2linlc/node_modules/webpack-cli/bin/cli.js:366:3)
    at Module._compile (node:internal/modules/cjs/loader:1108:14)
    at Object.Module._extensions..js (node:internal/modules/cjs/loader:1137:10)
    at Module.load (node:internal/modules/cjs/loader:973:32) {
  code: 'MODULE_NOT_FOUND',
  requireStack: [
    '/home/oksana/c2linlc/config/webpack/environment.js',
    '/home/oksana/c2linlc/config/webpack/development.js',
    '/home/oksana/c2linlc/node_modules/webpack-cli/bin/utils/convert-argv.js',
    '/home/oksana/c2linlc/node_modules/webpack-cli/bin/cli.js',
    '/home/oksana/c2linlc/node_modules/webpack/bin/webpack.js'
  ]
}

  Rendered layout layouts/application.html.erb (Duration: 1300.3ms | Allocations: 5840)
Completed 500 Internal Server Error in 1302ms (ActiveRecord: 2.0ms | Allocations: 6257)


  
ActionView::Template::Error (Webpacker can't find application.js in /home/oksana/c2linlc/public/packs/manifest.json. Possible causes:
1. You want to set webpacker.yml value of compile to true for your environment
   unless you are using the `webpack -w` or the webpack-dev-server.
2. webpack has not yet re-run to reflect updates.
3. You have misconfigured Webpacker's config/webpacker.yml file.
4. Your webpack configuration is not creating a manifest.
Your manifest contains:
{
}
):
     7:     <%= csp_meta_tag %>
     8: 
     9:     <%= stylesheet_link_tag 'application', media: 'all', 'data-turbolinks-track': 'reload' %>
    10:     <%= javascript_pack_tag 'application', 'data-turbolinks-track': 'reload' %>
    11:   </head>
    12: 
    13:   <body>
  
app/views/layouts/application.html.erb:10
Started GET "/" for ::1 at 2021-12-15 19:24:38 +0200
  [1m[35m (1.7ms)[0m  [1m[34mSELECT "schema_migrations"."version" FROM "schema_migrations" ORDER BY "schema_migrations"."version" ASC[0m
Processing by VisitsController#index as HTML
  Rendering layout layouts/application.html.erb
  Rendering visits/index.html.erb within layouts/application
  [1m[36mVisit Load (2.0ms)[0m  [1m[34mSELECT "visits".* FROM "visits"[0m
  ↳ app/views/visits/index.html.erb:16
  Rendered visits/index.html.erb within layouts/application (Duration: 10.9ms | Allocations: 2073)
[Webpacker] Compiling...
[Webpacker] Compilation failed:
/home/oksana/c2linlc/node_modules/webpack-cli/bin/cli.js:93
				throw err;
				^

Error: Cannot find module '@rails/webpacker'
Require stack:
- /home/oksana/c2linlc/config/webpack/environment.js
- /home/oksana/c2linlc/config/webpack/development.js
- /home/oksana/c2linlc/node_modules/webpack-cli/bin/utils/convert-argv.js
- /home/oksana/c2linlc/node_modules/webpack-cli/bin/cli.js
- /home/oksana/c2linlc/node_modules/webpack/bin/webpack.js
    at Function.Module._resolveFilename (node:internal/modules/cjs/loader:925:15)
    at Function.Module._load (node:internal/modules/cjs/loader:769:27)
    at Module.require (node:internal/modules/cjs/loader:997:19)
    at require (/home/oksana/c2linlc/node_modules/v8-compile-cache/v8-compile-cache.js:159:20)
    at Object.<anonymous> (/home/oksana/c2linlc/config/webpack/environment.js:1:87)
    at Module._compile (/home/oksana/c2linlc/node_modules/v8-compile-cache/v8-compile-cache.js:192:30)
    at Object.Module._extensions..js (node:internal/modules/cjs/loader:1137:10)
    at Module.load (node:internal/modules/cjs/loader:973:32)
    at Function.Module._load (node:internal/modules/cjs/loader:813:14)
    at Module.require (node:internal/modules/cjs/loader:997:19)
    at require (/home/oksana/c2linlc/node_modules/v8-compile-cache/v8-compile-cache.js:159:20)
    at Object.<anonymous> (/home/oksana/c2linlc/config/webpack/development.js:3:21)
    at Module._compile (/home/oksana/c2linlc/node_modules/v8-compile-cache/v8-compile-cache.js:192:30)
    at Object.Module._extensions..js (node:internal/modules/cjs/loader:1137:10)
    at Module.load (node:internal/modules/cjs/loader:973:32)
    at Function.Module._load (node:internal/modules/cjs/loader:813:14)
    at Module.require (node:internal/modules/cjs/loader:997:19)
    at require (/home/oksana/c2linlc/node_modules/v8-compile-cache/v8-compile-cache.js:159:20)
    at WEBPACK_OPTIONS (/home/oksana/c2linlc/node_modules/webpack-cli/bin/utils/convert-argv.js:114:13)
    at requireConfig (/home/oksana/c2linlc/node_modules/webpack-cli/bin/utils/convert-argv.js:116:6)
    at /home/oksana/c2linlc/node_modules/webpack-cli/bin/utils/convert-argv.js:123:17
    at Array.forEach (<anonymous>)
    at module.exports (/home/oksana/c2linlc/node_modules/webpack-cli/bin/utils/convert-argv.js:121:15)
    at /home/oksana/c2linlc/node_modules/webpack-cli/bin/cli.js:71:45
    at Object.parse (/home/oksana/c2linlc/node_modules/yargs/yargs.js:576:18)
    at /home/oksana/c2linlc/node_modules/webpack-cli/bin/cli.js:49:8
    at Object.<anonymous> (/home/oksana/c2linlc/node_modules/webpack-cli/bin/cli.js:366:3)
    at Module._compile (node:internal/modules/cjs/loader:1108:14)
    at Object.Module._extensions..js (node:internal/modules/cjs/loader:1137:10)
    at Module.load (node:internal/modules/cjs/loader:973:32) {
  code: 'MODULE_NOT_FOUND',
  requireStack: [
    '/home/oksana/c2linlc/config/webpack/environment.js',
    '/home/oksana/c2linlc/config/webpack/development.js',
    '/home/oksana/c2linlc/node_modules/webpack-cli/bin/utils/convert-argv.js',
    '/home/oksana/c2linlc/node_modules/webpack-cli/bin/cli.js',
    '/home/oksana/c2linlc/node_modules/webpack/bin/webpack.js'
  ]
}

  Rendered layout layouts/application.html.erb (Duration: 1566.1ms | Allocations: 9459)
Completed 500 Internal Server Error in 1579ms (ActiveRecord: 6.9ms | Allocations: 12229)


  
ActionView::Template::Error (Webpacker can't find application.js in /home/oksana/c2linlc/public/packs/manifest.json. Possible causes:
1. You want to set webpacker.yml value of compile to true for your environment
   unless you are using the `webpack -w` or the webpack-dev-server.
2. webpack has not yet re-run to reflect updates.
3. You have misconfigured Webpacker's config/webpacker.yml file.
4. Your webpack configuration is not creating a manifest.
Your manifest contains:
{
}
):
     7:     <%= csp_meta_tag %>
     8: 
     9:     <%= stylesheet_link_tag 'application', media: 'all', 'data-turbolinks-track': 'reload' %>
    10:     <%= javascript_pack_tag 'application', 'data-turbolinks-track': 'reload' %>
    11:   </head>
    12: 
    13:   <body>
  
app/views/layouts/application.html.erb:10
Started GET "/" for ::1 at 2021-12-15 19:24:48 +0200
Processing by VisitsController#index as HTML
  Rendering layout layouts/application.html.erb
  Rendering visits/index.html.erb within layouts/application
  [1m[36mVisit Load (1.6ms)[0m  [1m[34mSELECT "visits".* FROM "visits"[0m
  ↳ app/views/visits/index.html.erb:16
  Rendered visits/index.html.erb within layouts/application (Duration: 6.3ms | Allocations: 990)
[Webpacker] Compiling...
[Webpacker] Compilation failed:
/home/oksana/c2linlc/node_modules/webpack-cli/bin/cli.js:93
				throw err;
				^

Error: Cannot find module '@rails/webpacker'
Require stack:
- /home/oksana/c2linlc/config/webpack/environment.js
- /home/oksana/c2linlc/config/webpack/development.js
- /home/oksana/c2linlc/node_modules/webpack-cli/bin/utils/convert-argv.js
- /home/oksana/c2linlc/node_modules/webpack-cli/bin/cli.js
- /home/oksana/c2linlc/node_modules/webpack/bin/webpack.js
    at Function.Module._resolveFilename (node:internal/modules/cjs/loader:925:15)
    at Function.Module._load (node:internal/modules/cjs/loader:769:27)
    at Module.require (node:internal/modules/cjs/loader:997:19)
    at require (/home/oksana/c2linlc/node_modules/v8-compile-cache/v8-compile-cache.js:159:20)
    at Object.<anonymous> (/home/oksana/c2linlc/config/webpack/environment.js:1:87)
    at Module._compile (/home/oksana/c2linlc/node_modules/v8-compile-cache/v8-compile-cache.js:192:30)
    at Object.Module._extensions..js (node:internal/modules/cjs/loader:1137:10)
    at Module.load (node:internal/modules/cjs/loader:973:32)
    at Function.Module._load (node:internal/modules/cjs/loader:813:14)
    at Module.require (node:internal/modules/cjs/loader:997:19)
    at require (/home/oksana/c2linlc/node_modules/v8-compile-cache/v8-compile-cache.js:159:20)
    at Object.<anonymous> (/home/oksana/c2linlc/config/webpack/development.js:3:21)
    at Module._compile (/home/oksana/c2linlc/node_modules/v8-compile-cache/v8-compile-cache.js:192:30)
    at Object.Module._extensions..js (node:internal/modules/cjs/loader:1137:10)
    at Module.load (node:internal/modules/cjs/loader:973:32)
    at Function.Module._load (node:internal/modules/cjs/loader:813:14)
    at Module.require (node:internal/modules/cjs/loader:997:19)
    at require (/home/oksana/c2linlc/node_modules/v8-compile-cache/v8-compile-cache.js:159:20)
    at WEBPACK_OPTIONS (/home/oksana/c2linlc/node_modules/webpack-cli/bin/utils/convert-argv.js:114:13)
    at requireConfig (/home/oksana/c2linlc/node_modules/webpack-cli/bin/utils/convert-argv.js:116:6)
    at /home/oksana/c2linlc/node_modules/webpack-cli/bin/utils/convert-argv.js:123:17
    at Array.forEach (<anonymous>)
    at module.exports (/home/oksana/c2linlc/node_modules/webpack-cli/bin/utils/convert-argv.js:121:15)
    at /home/oksana/c2linlc/node_modules/webpack-cli/bin/cli.js:71:45
    at Object.parse (/home/oksana/c2linlc/node_modules/yargs/yargs.js:576:18)
    at /home/oksana/c2linlc/node_modules/webpack-cli/bin/cli.js:49:8
    at Object.<anonymous> (/home/oksana/c2linlc/node_modules/webpack-cli/bin/cli.js:366:3)
    at Module._compile (node:internal/modules/cjs/loader:1108:14)
    at Object.Module._extensions..js (node:internal/modules/cjs/loader:1137:10)
    at Module.load (node:internal/modules/cjs/loader:973:32) {
  code: 'MODULE_NOT_FOUND',
  requireStack: [
    '/home/oksana/c2linlc/config/webpack/environment.js',
    '/home/oksana/c2linlc/config/webpack/development.js',
    '/home/oksana/c2linlc/node_modules/webpack-cli/bin/utils/convert-argv.js',
    '/home/oksana/c2linlc/node_modules/webpack-cli/bin/cli.js',
    '/home/oksana/c2linlc/node_modules/webpack/bin/webpack.js'
  ]
}

  Rendered layout layouts/application.html.erb (Duration: 1281.7ms | Allocations: 5840)
Completed 500 Internal Server Error in 1284ms (ActiveRecord: 1.6ms | Allocations: 6257)


  
ActionView::Template::Error (Webpacker can't find application.js in /home/oksana/c2linlc/public/packs/manifest.json. Possible causes:
1. You want to set webpacker.yml value of compile to true for your environment
   unless you are using the `webpack -w` or the webpack-dev-server.
2. webpack has not yet re-run to reflect updates.
3. You have misconfigured Webpacker's config/webpacker.yml file.
4. Your webpack configuration is not creating a manifest.
Your manifest contains:
{
}
):
     7:     <%= csp_meta_tag %>
     8: 
     9:     <%= stylesheet_link_tag 'application', media: 'all', 'data-turbolinks-track': 'reload' %>
    10:     <%= javascript_pack_tag 'application', 'data-turbolinks-track': 'reload' %>
    11:   </head>
    12: 
    13:   <body>
  
app/views/layouts/application.html.erb:10
Started GET "/" for ::1 at 2021-12-15 20:11:19 +0200
  [1m[35m (59.7ms)[0m  [1m[34mSELECT "schema_migrations"."version" FROM "schema_migrations" ORDER BY "schema_migrations"."version" ASC[0m
Processing by VisitsController#index as HTML
  Rendering layout layouts/application.html.erb
  Rendering visits/index.html.erb within layouts/application
  [1m[36mVisit Load (33.6ms)[0m  [1m[34mSELECT "visits".* FROM "visits"[0m
  ↳ app/views/visits/index.html.erb:16
  Rendered visits/index.html.erb within layouts/application (Duration: 44.1ms | Allocations: 2073)
[Webpacker] Compiling...
[Webpacker] Compilation failed:
Hash: 6b8a0e3004b9eaafd974
Version: webpack 4.46.0
Time: 102ms
Built at: 12/15/2021 8:11:27 PM

WARNING in configuration
The 'mode' option has not been set, webpack will fallback to 'production' for this value. Set 'mode' option to 'development' or 'production' to enable defaults for each environment.
You can also set it to 'none' to disable any default behavior. Learn more: https://webpack.js.org/configuration/mode/

ERROR in Entry module not found: Error: Can't resolve 'babel-loader' in '/home/oksana/c2linlc'


(node:26856) DeprecationWarning: Tapable.apply is deprecated. Call apply on the plugin directly instead
(Use `node --trace-deprecation ...` to show where the warning was created)
(node:26856) DeprecationWarning: Tapable.plugin is deprecated. Use new API on `.hooks` instead

[1m[31mInsufficient number of arguments or no entry found.
[1m[31mAlternatively, run 'webpack(-cli) --help' for usage info.[39m[22m

(node:26856) DeprecationWarning: Compilation.applyPlugins is deprecated. Use new API on `.hooks` instead

  Rendered layout layouts/application.html.erb (Duration: 5860.2ms | Allocations: 9470)
Completed 500 Internal Server Error in 5991ms (ActiveRecord: 38.5ms | Allocations: 12240)


  
ActionView::Template::Error (Webpacker can't find application.js in /home/oksana/c2linlc/public/packs/manifest.json. Possible causes:
1. You want to set webpacker.yml value of compile to true for your environment
   unless you are using the `webpack -w` or the webpack-dev-server.
2. webpack has not yet re-run to reflect updates.
3. You have misconfigured Webpacker's config/webpacker.yml file.
4. Your webpack configuration is not creating a manifest.
Your manifest contains:
{
}
):
     7:     <%= csp_meta_tag %>
     8: 
     9:     <%= stylesheet_link_tag 'application', media: 'all', 'data-turbolinks-track': 'reload' %>
    10:     <%= javascript_pack_tag 'application', 'data-turbolinks-track': 'reload' %>
    11:   </head>
    12: 
    13:   <body>
  
app/views/layouts/application.html.erb:10
Started GET "/" for ::1 at 2021-12-15 21:36:30 +0200
  [1m[35m (24.8ms)[0m  [1m[34mSELECT "schema_migrations"."version" FROM "schema_migrations" ORDER BY "schema_migrations"."version" ASC[0m
Processing by VisitsController#index as HTML
  Rendering layout layouts/application.html.erb
  Rendering visits/index.html.erb within layouts/application
  [1m[36mVisit Load (71.4ms)[0m  [1m[34mSELECT "visits".* FROM "visits"[0m
  ↳ app/views/visits/index.html.erb:16
  Rendered visits/index.html.erb within layouts/application (Duration: 125.3ms | Allocations: 2073)
[Webpacker] Compiling...
[Webpacker] Compiled all packs in /home/oksana/c2linlc/public/packs
[Webpacker] Hash: 2034dd941d5476d8645c
Version: webpack 4.46.0
Time: 2796ms
Built at: 12/15/2021 9:36:39 PM
                                     Asset       Size       Chunks                         Chunk Names
    js/application-3dd0dc24d9c39bc09227.js    125 KiB  application  [emitted] [immutable]  application
js/application-3dd0dc24d9c39bc09227.js.map    139 KiB  application  [emitted] [dev]        application
                             manifest.json  364 bytes               [emitted]              
Entrypoint application = js/application-3dd0dc24d9c39bc09227.js js/application-3dd0dc24d9c39bc09227.js.map
[./app/javascript/channels sync recursive _channel\.js$] ./app/javascript/channels sync _channel\.js$ 160 bytes {application} [built]
[./app/javascript/channels/index.js] 211 bytes {application} [built]
[./app/javascript/packs/application.js] 492 bytes {application} [built]
[./node_modules/webpack/buildin/module.js] (webpack)/buildin/module.js 552 bytes {application} [built]
    + 3 hidden modules

  Rendered layout layouts/application.html.erb (Duration: 7251.0ms | Allocations: 8588)
Completed 200 OK in 7383ms (Views: 7185.4ms | ActiveRecord: 117.6ms | Allocations: 11391)


Started GET "/visits/new" for ::1 at 2021-12-15 21:46:52 +0200
Processing by VisitsController#new as HTML
  Rendering layout layouts/application.html.erb
  Rendering visits/new.html.erb within layouts/application
  Rendered visits/_form.html.erb (Duration: 4141.8ms | Allocations: 8929)
  Rendered visits/new.html.erb within layouts/application (Duration: 4180.2ms | Allocations: 9272)
[Webpacker] Everything's up-to-date. Nothing to do
  Rendered layout layouts/application.html.erb (Duration: 4214.0ms | Allocations: 12155)
Completed 200 OK in 4579ms (Views: 4214.9ms | ActiveRecord: 330.2ms | Allocations: 18723)


Started POST "/visits" for ::1 at 2021-12-15 22:02:03 +0200
Processing by VisitsController#create as HTML
  Parameters: {"authenticity_token"=>"[FILTERED]", "visit"=>{"date(1i)"=>"2021", "date(2i)"=>"2", "date(3i)"=>"15", "time(1i)"=>"2021", "time(2i)"=>"12", "time(3i)"=>"15", "time(4i)"=>"19", "time(5i)"=>"46", "problem"=>";;;;;;;;;;;;;;;;;;;;;;;;;;;;;;;;;;;;;;;;;;"}, "commit"=>"Create Visit"}
Completed 500 Internal Server Error in 157ms (Allocations: 1323)


  
ArgumentError (Unknown validator: 'TimelinessValidator'):
  
app/models/visit.rb:2:in `<class:Visit>'
app/models/visit.rb:1:in `<main>'
app/controllers/visits_controller.rb:24:in `create'
Started GET "/visits/new" for ::1 at 2021-12-15 22:05:03 +0200
Processing by VisitsController#new as HTML
  Rendering layout layouts/application.html.erb
  Rendering visits/new.html.erb within layouts/application
  Rendered visits/_form.html.erb (Duration: 5.8ms | Allocations: 2786)
  Rendered visits/new.html.erb within layouts/application (Duration: 6.4ms | Allocations: 2896)
[Webpacker] Everything's up-to-date. Nothing to do
  Rendered layout layouts/application.html.erb (Duration: 408.7ms | Allocations: 5985)
Completed 200 OK in 924ms (Views: 410.2ms | ActiveRecord: 326.4ms | Allocations: 12670)


Started POST "/visits" for ::1 at 2021-12-15 22:05:07 +0200
Processing by VisitsController#create as HTML
  Parameters: {"authenticity_token"=>"[FILTERED]", "visit"=>{"date(1i)"=>"2021", "date(2i)"=>"2", "date(3i)"=>"15", "time(1i)"=>"2021", "time(2i)"=>"12", "time(3i)"=>"15", "time(4i)"=>"19", "time(5i)"=>"46", "problem"=>";;;;;;;;;;;;;;;;;;;;;;;;;;;;;;;;;;;;;;;;;;"}, "commit"=>"Create Visit"}
Completed 500 Internal Server Error in 49ms (ActiveRecord: 0.0ms | Allocations: 4717)


  
NoMethodError (undefined method `note' for #<Visit:0x00007f57910063c0>):
  
app/controllers/visits_controller.rb:27:in `block in create'
app/controllers/visits_controller.rb:26:in `create'
Started GET "/visits/new" for ::1 at 2021-12-15 22:05:52 +0200
Processing by VisitsController#new as HTML
  Rendering layout layouts/application.html.erb
  Rendering visits/new.html.erb within layouts/application
  Rendered visits/_form.html.erb (Duration: 8.9ms | Allocations: 2671)
  Rendered visits/new.html.erb within layouts/application (Duration: 9.3ms | Allocations: 2777)
[Webpacker] Everything's up-to-date. Nothing to do
  Rendered layout layouts/application.html.erb (Duration: 14.3ms | Allocations: 5746)
Completed 200 OK in 900ms (Views: 15.4ms | ActiveRecord: 873.5ms | Allocations: 9988)


Started GET "/visits/new" for ::1 at 2021-12-15 22:05:57 +0200
Processing by VisitsController#new as HTML
  Rendering layout layouts/application.html.erb
  Rendering visits/new.html.erb within layouts/application
  Rendered visits/_form.html.erb (Duration: 8.3ms | Allocations: 2607)
  Rendered visits/new.html.erb within layouts/application (Duration: 9.0ms | Allocations: 2712)
[Webpacker] Everything's up-to-date. Nothing to do
  Rendered layout layouts/application.html.erb (Duration: 13.2ms | Allocations: 5689)
Completed 200 OK in 15ms (Views: 13.8ms | ActiveRecord: 0.0ms | Allocations: 6082)


Started GET "/visits/new" for ::1 at 2021-12-15 22:06:03 +0200
Processing by VisitsController#new as HTML
  Rendering layout layouts/application.html.erb
  Rendering visits/new.html.erb within layouts/application
  Rendered visits/_form.html.erb (Duration: 12.9ms | Allocations: 2607)
  Rendered visits/new.html.erb within layouts/application (Duration: 13.5ms | Allocations: 2712)
[Webpacker] Everything's up-to-date. Nothing to do
  Rendered layout layouts/application.html.erb (Duration: 20.2ms | Allocations: 5689)
Completed 200 OK in 22ms (Views: 20.9ms | ActiveRecord: 0.0ms | Allocations: 6083)


Started POST "/visits" for ::1 at 2021-12-15 22:06:46 +0200
Processing by VisitsController#create as HTML
  Parameters: {"authenticity_token"=>"[FILTERED]", "visit"=>{"date(1i)"=>"2021", "date(2i)"=>"1", "date(3i)"=>"15", "time(1i)"=>"2021", "time(2i)"=>"12", "time(3i)"=>"15", "time(4i)"=>"20", "time(5i)"=>"06", "problem"=>""}, "commit"=>"Create Visit"}
  Rendering layout layouts/application.html.erb
  Rendering visits/new.html.erb within layouts/application
  Rendered visits/_form.html.erb (Duration: 48.7ms | Allocations: 5543)
  Rendered visits/new.html.erb within layouts/application (Duration: 49.2ms | Allocations: 5648)
[Webpacker] Everything's up-to-date. Nothing to do
  Rendered layout layouts/application.html.erb (Duration: 53.6ms | Allocations: 8563)
Completed 422 Unprocessable Entity in 60ms (Views: 54.3ms | ActiveRecord: 0.0ms | Allocations: 10461)


Started POST "/visits" for ::1 at 2021-12-15 22:07:00 +0200
Processing by VisitsController#create as HTML
  Parameters: {"authenticity_token"=>"[FILTERED]", "visit"=>{"date(1i)"=>"2021", "date(2i)"=>"1", "date(3i)"=>"15", "time(1i)"=>"2021", "time(2i)"=>"12", "time(3i)"=>"15", "time(4i)"=>"20", "time(5i)"=>"06", "problem"=>"gggggggggggggggggggggggggggggggggggggggggggggggggggg"}, "commit"=>"Create Visit"}
  Rendering layout layouts/application.html.erb
  Rendering visits/new.html.erb within layouts/application
  Rendered visits/_form.html.erb (Duration: 9.4ms | Allocations: 3485)
  Rendered visits/new.html.erb within layouts/application (Duration: 9.8ms | Allocations: 3590)
[Webpacker] Everything's up-to-date. Nothing to do
  Rendered layout layouts/application.html.erb (Duration: 25.0ms | Allocations: 6506)
Completed 422 Unprocessable Entity in 30ms (Views: 25.6ms | ActiveRecord: 0.0ms | Allocations: 8314)


Started GET "/visits/1" for ::1 at 2021-12-15 22:16:27 +0200
Processing by VisitsController#show as HTML
  Parameters: {"id"=>"1"}
  [1m[36mVisit Load (37.0ms)[0m  [1m[34mSELECT "visits".* FROM "visits" WHERE "visits"."id" = $1 LIMIT $2[0m  [["id", 1], ["LIMIT", 1]]
  ↳ app/controllers/visits_controller.rb:62:in `set_visit'
Completed 404 Not Found in 327ms (ActiveRecord: 54.5ms | Allocations: 5679)


  
ActiveRecord::RecordNotFound (Couldn't find Visit with 'id'=1):
  
app/controllers/visits_controller.rb:62:in `set_visit'
  [1m[36mVisit Load (0.8ms)[0m  [1m[34mSELECT "visits".* FROM "visits" /* loading for inspect */ LIMIT $1[0m  [["LIMIT", 11]]
  [1m[36mVisit Load (0.4ms)[0m  [1m[34mSELECT "visits".* FROM "visits" /* loading for inspect */ LIMIT $1[0m  [["LIMIT", 11]]
Started GET "/visits/1" for ::1 at 2021-12-15 22:20:19 +0200
Processing by VisitsController#show as HTML
  Parameters: {"id"=>"1"}
  [1m[36mVisit Load (1.3ms)[0m  [1m[34mSELECT "visits".* FROM "visits" WHERE "visits"."id" = $1 LIMIT $2[0m  [["id", 1], ["LIMIT", 1]]
  ↳ app/controllers/visits_controller.rb:62:in `set_visit'
Completed 404 Not Found in 75ms (ActiveRecord: 66.4ms | Allocations: 2818)


  
ActiveRecord::RecordNotFound (Couldn't find Visit with 'id'=1):
  
app/controllers/visits_controller.rb:62:in `set_visit'
Started GET "/visits" for ::1 at 2021-12-15 22:20:23 +0200
Processing by VisitsController#index as HTML
  Rendering layout layouts/application.html.erb
  Rendering visits/index.html.erb within layouts/application
  [1m[36mVisit Load (4.1ms)[0m  [1m[34mSELECT "visits".* FROM "visits"[0m
  ↳ app/views/visits/index.html.erb:16
  Rendered visits/index.html.erb within layouts/application (Duration: 35.1ms | Allocations: 907)
[Webpacker] Everything's up-to-date. Nothing to do
  Rendered layout layouts/application.html.erb (Duration: 77.4ms | Allocations: 3900)
Completed 200 OK in 81ms (Views: 75.3ms | ActiveRecord: 4.1ms | Allocations: 4405)


Started GET "/visits/new" for ::1 at 2021-12-15 22:20:25 +0200
Processing by VisitsController#new as HTML
  Rendering layout layouts/application.html.erb
  Rendering visits/new.html.erb within layouts/application
  Rendered visits/_form.html.erb (Duration: 4.3ms | Allocations: 2665)
  Rendered visits/new.html.erb within layouts/application (Duration: 4.7ms | Allocations: 2770)
[Webpacker] Everything's up-to-date. Nothing to do
  Rendered layout layouts/application.html.erb (Duration: 9.8ms | Allocations: 5748)
Completed 200 OK in 29ms (Views: 10.5ms | ActiveRecord: 0.0ms | Allocations: 8371)


Started POST "/visits" for ::1 at 2021-12-15 22:20:34 +0200
Processing by VisitsController#create as HTML
  Parameters: {"authenticity_token"=>"[FILTERED]", "visit"=>{"date(1i)"=>"2021", "date(2i)"=>"1", "date(3i)"=>"15", "time(1i)"=>"2021", "time(2i)"=>"12", "time(3i)"=>"15", "time(4i)"=>"20", "time(5i)"=>"20", "problem"=>"gggggggggggggggggggggggggggggggggggggggggggggggggggg"}, "commit"=>"Create Visit"}
  Rendering layout layouts/application.html.erb
  Rendering visits/new.html.erb within layouts/application
  Rendered visits/_form.html.erb (Duration: 6.8ms | Allocations: 2700)
  Rendered visits/new.html.erb within layouts/application (Duration: 7.4ms | Allocations: 2805)
[Webpacker] Everything's up-to-date. Nothing to do
  Rendered layout layouts/application.html.erb (Duration: 12.8ms | Allocations: 5732)
Completed 422 Unprocessable Entity in 22ms (Views: 13.7ms | ActiveRecord: 0.0ms | Allocations: 7210)


Started GET "/visits" for ::1 at 2021-12-15 22:27:02 +0200
Processing by VisitsController#index as HTML
Completed 500 Internal Server Error in 5ms (Allocations: 1245)


  
ArgumentError (Unknown validator: 'ComparisonValidator'):
  
app/models/visit.rb:3:in `<class:Visit>'
app/models/visit.rb:1:in `<main>'
app/controllers/visits_controller.rb:6:in `index'
Started GET "/visits" for ::1 at 2021-12-15 22:37:17 +0200
Processing by VisitsController#index as HTML
  Rendering layout layouts/application.html.erb
  Rendering visits/index.html.erb within layouts/application
  [1m[36mVisit Load (1.8ms)[0m  [1m[34mSELECT "visits".* FROM "visits"[0m
  ↳ app/views/visits/index.html.erb:16
  Rendered visits/index.html.erb within layouts/application (Duration: 41.5ms | Allocations: 4506)
[Webpacker] Everything's up-to-date. Nothing to do
  Rendered layout layouts/application.html.erb (Duration: 51.5ms | Allocations: 7478)
Completed 200 OK in 56ms (Views: 53.8ms | ActiveRecord: 18.6ms | Allocations: 8436)


Started GET "/visits/new" for ::1 at 2021-12-15 22:37:18 +0200
Processing by VisitsController#new as HTML
  Rendering layout layouts/application.html.erb
  Rendering visits/new.html.erb within layouts/application
  Rendered visits/_form.html.erb (Duration: 9.0ms | Allocations: 2665)
  Rendered visits/new.html.erb within layouts/application (Duration: 9.6ms | Allocations: 2770)
[Webpacker] Everything's up-to-date. Nothing to do
  Rendered layout layouts/application.html.erb (Duration: 13.8ms | Allocations: 5747)
Completed 200 OK in 72ms (Views: 17.8ms | ActiveRecord: 0.0ms | Allocations: 8993)


Started POST "/visits" for ::1 at 2021-12-15 22:37:32 +0200
Processing by VisitsController#create as HTML
  Parameters: {"authenticity_token"=>"[FILTERED]", "visit"=>{"date(1i)"=>"2021", "date(2i)"=>"12", "date(3i)"=>"15", "time(1i)"=>"2021", "time(2i)"=>"12", "time(3i)"=>"15", "time(4i)"=>"00", "time(5i)"=>"37", "problem"=>"gggggggggggggggggggggggggggggggggggggggggggggggggggg"}, "commit"=>"Create Visit"}
  Rendering layout layouts/application.html.erb
  Rendering visits/new.html.erb within layouts/application
  Rendered visits/_form.html.erb (Duration: 5.8ms | Allocations: 2844)
  Rendered visits/new.html.erb within layouts/application (Duration: 6.3ms | Allocations: 2949)
[Webpacker] Everything's up-to-date. Nothing to do
  Rendered layout layouts/application.html.erb (Duration: 13.4ms | Allocations: 5864)
Completed 422 Unprocessable Entity in 18ms (Views: 14.4ms | ActiveRecord: 0.0ms | Allocations: 7359)


Started GET "/visits" for ::1 at 2021-12-15 22:52:48 +0200
  [1m[35m (1.0ms)[0m  [1m[34mSELECT "schema_migrations"."version" FROM "schema_migrations" ORDER BY "schema_migrations"."version" ASC[0m
Processing by VisitsController#index as HTML
  Rendering layout layouts/application.html.erb
  Rendering visits/index.html.erb within layouts/application
  [1m[36mVisit Load (2.0ms)[0m  [1m[34mSELECT "visits".* FROM "visits"[0m
  ↳ app/views/visits/index.html.erb:16
  Rendered visits/index.html.erb within layouts/application (Duration: 12.1ms | Allocations: 1315)
[Webpacker] Everything's up-to-date. Nothing to do
  Rendered layout layouts/application.html.erb (Duration: 25.9ms | Allocations: 4600)
Completed 200 OK in 64ms (Views: 55.1ms | ActiveRecord: 2.0ms | Allocations: 6155)


Started GET "/visits" for ::1 at 2021-12-15 22:52:50 +0200
Processing by VisitsController#index as HTML
  Rendering layout layouts/application.html.erb
  Rendering visits/index.html.erb within layouts/application
  [1m[36mVisit Load (1.7ms)[0m  [1m[34mSELECT "visits".* FROM "visits"[0m
  ↳ app/views/visits/index.html.erb:16
  Rendered visits/index.html.erb within layouts/application (Duration: 5.4ms | Allocations: 891)
[Webpacker] Everything's up-to-date. Nothing to do
  Rendered layout layouts/application.html.erb (Duration: 11.2ms | Allocations: 3905)
Completed 200 OK in 13ms (Views: 10.4ms | ActiveRecord: 1.7ms | Allocations: 4300)


Started GET "/visits/new" for ::1 at 2021-12-15 22:52:53 +0200
Processing by VisitsController#new as HTML
  Rendering layout layouts/application.html.erb
  Rendering visits/new.html.erb within layouts/application
  Rendered visits/_form.html.erb (Duration: 7.4ms | Allocations: 2999)
  Rendered visits/new.html.erb within layouts/application (Duration: 9.5ms | Allocations: 3373)
[Webpacker] Everything's up-to-date. Nothing to do
  Rendered layout layouts/application.html.erb (Duration: 22.0ms | Allocations: 6510)
Completed 200 OK in 34ms (Views: 24.1ms | ActiveRecord: 0.0ms | Allocations: 9712)


Started GET "/visits" for ::1 at 2021-12-15 22:52:56 +0200
Processing by VisitsController#index as HTML
  Rendering layout layouts/application.html.erb
  Rendering visits/index.html.erb within layouts/application
  [1m[36mVisit Load (2.0ms)[0m  [1m[34mSELECT "visits".* FROM "visits"[0m
  ↳ app/views/visits/index.html.erb:16
  Rendered visits/index.html.erb within layouts/application (Duration: 6.6ms | Allocations: 891)
[Webpacker] Everything's up-to-date. Nothing to do
  Rendered layout layouts/application.html.erb (Duration: 12.2ms | Allocations: 3905)
Completed 200 OK in 14ms (Views: 11.0ms | ActiveRecord: 2.0ms | Allocations: 4300)


